2026-01-27T11:53:43.284574+00 smd su[881]: Successful su for postgres by root
2026-01-27T11:53:43.284805+00 smd su[881]: + ??? root:postgres
2026-01-27T11:53:43.310293+00 smd su[881]: pam_unix(su:session): session opened for user postgres by (uid=0)
2026-01-27T11:53:43.327213+00 smd su[881]: pam_unix(su:session): session closed for user postgres
2026-01-27T11:53:46.411409+00 smd su[911]: Successful su for postgres by root
2026-01-27T11:53:46.411921+00 smd su[911]: + /dev/console root:postgres
2026-01-27T11:53:46.413181+00 smd su[911]: pam_unix(su:session): session opened for user postgres by (uid=0)
2026-01-27T11:53:46.941532+00 smd su[911]: pam_unix(su:session): session closed for user postgres
2026-01-27T11:53:46.956464+00 smd su[917]: Successful su for postgres by root
2026-01-27T11:53:46.956980+00 smd su[917]: + /dev/console root:postgres
2026-01-27T11:53:46.958228+00 smd su[917]: pam_unix(su:session): session opened for user postgres by (uid=0)
2026-01-27T11:53:47.156671+00 smd su[917]: pam_unix(su:session): session closed for user postgres
2026-01-27T11:53:47.192690+00 smd su[924]: Successful su for postgres by root
2026-01-27T11:53:47.193201+00 smd su[924]: + /dev/console root:postgres
2026-01-27T11:53:47.194448+00 smd su[924]: pam_unix(su:session): session opened for user postgres by (uid=0)
2026-01-27T11:53:47.261537+00 smd su[924]: pam_unix(su:session): session closed for user postgres
2026-01-27T11:53:47.273949+00 smd su[929]: Successful su for postgres by root
2026-01-27T11:53:47.274462+00 smd su[929]: + /dev/console root:postgres
2026-01-27T11:53:47.275760+00 smd su[929]: pam_unix(su:session): session opened for user postgres by (uid=0)
2026-01-27T11:53:47.330287+00 smd su[929]: pam_unix(su:session): session closed for user postgres
2026-01-27T11:53:47.343987+00 smd su[935]: Successful su for postgres by root
2026-01-27T11:53:47.344507+00 smd su[935]: + ??? root:postgres
2026-01-27T11:53:47.345766+00 smd su[935]: pam_unix(su:session): session opened for user postgres by (uid=0)
2026-01-27T11:53:47.408108+00 smd su[935]: pam_unix(su:session): session closed for user postgres
2026-01-27T11:53:47.420867+00 smd su[941]: Successful su for postgres by root
2026-01-27T11:53:47.421384+00 smd su[941]: + /dev/console root:postgres
2026-01-27T11:53:47.422632+00 smd su[941]: pam_unix(su:session): session opened for user postgres by (uid=0)
2026-01-27T11:53:47.473756+00 smd su[941]: pam_unix(su:session): session closed for user postgres
2026-01-27T11:53:47.489330+00 smd su[947]: Successful su for postgres by root
2026-01-27T11:53:47.489854+00 smd su[947]: + /dev/console root:postgres
2026-01-27T11:53:47.491097+00 smd su[947]: pam_unix(su:session): session opened for user postgres by (uid=0)
2026-01-27T11:53:47.545786+00 smd su[947]: pam_unix(su:session): session closed for user postgres
2026-01-27T11:53:47.590803+00 smd su[954]: Successful su for postgres by root
2026-01-27T11:53:47.591341+00 smd su[954]: + ??? root:postgres
2026-01-27T11:53:47.592617+00 smd su[954]: pam_unix(su:session): session opened for user postgres by (uid=0)
2026-01-27T11:53:47.660645+00 smd su[954]: pam_unix(su:session): session closed for user postgres
2026-01-27T11:53:47.675258+00 smd su[961]: Successful su for postgres by root
2026-01-27T11:53:47.675847+00 smd su[961]: + ??? root:postgres
2026-01-27T11:53:47.677104+00 smd su[961]: pam_unix(su:session): session opened for user postgres by (uid=0)
2026-01-27T11:53:47.753081+00 smd su[961]: pam_unix(su:session): session closed for user postgres
2026-01-27T11:53:50.397433+00 smd sshd[1162]: Server listening on 0.0.0.0 port 2222.
2026-01-27T11:53:51.397081+00 smd sshd[1173]: pam_tally3(sshd:auth): Tally3 disabled for maintainers mode('admin' entry 'ssh'[ssh 192.168.72.55])
2026-01-27T11:53:51.403222+00 smd sshd[1147]: Accepted keyboard-interactive/pam for admin from 192.168.72.55 port 55616 ssh2
2026-01-27T11:53:51.468645+00 smd sshd[1147]: pam_unix(sshd:session): session opened for user admin by (uid=0)
2026-01-27T11:53:51.468803+00 smd sshd[1212]: Registered signal handlers for user admin 192.168.72.55 port 55616
2026-01-27T11:53:51.546509+00 smd sshd[1212]: Transferred with user admin 192.168.72.55 port 55616: sent 3320, received 1608 bytes
2026-01-27T11:53:51.655106+00 smd sshd[1147]: pam_unix(sshd:session): session closed for user admin
2026-01-27T11:53:51.937533+00 smd sshd[1232]: pam_unix(sshd:auth): user 'root' has blank passwd
2026-01-27T11:53:51.938378+00 smd sshd[1232]: pam_tally3(sshd:auth): Tally3 disabled for maintainers mode('root' entry 'ssh'[ssh 192.168.72.55])
2026-01-27T11:53:51.942735+00 smd sshd[1216]: Accepted keyboard-interactive/pam for root from 192.168.72.55 port 55617 ssh2
2026-01-27T11:53:51.951431+00 smd sshd[1216]: pam_unix(sshd:session): session opened for user root by (uid=0)
2026-01-27T11:53:52.095075+00 smd sshd[1216]: syslogin_perform_logout: logout() returned an error
2026-01-27T11:53:52.099419+00 smd sshd[1216]: pam_unix(sshd:session): session closed for user root
2026-01-27T11:53:52.106590+00 smd sshd[1216]: Transferred with user root 192.168.72.55 port 55617: sent 9032, received 3800 bytes
2026-01-27T11:53:52.437184+00 smd sshd[1257]: pam_unix(sshd:auth): user 'root' has blank passwd
2026-01-27T11:53:52.438134+00 smd sshd[1257]: pam_tally3(sshd:auth): Tally3 disabled for maintainers mode('root' entry 'ssh'[ssh 192.168.72.55])
2026-01-27T11:53:52.449406+00 smd sshd[1239]: Accepted keyboard-interactive/pam for root from 192.168.72.55 port 55618 ssh2
2026-01-27T11:53:52.454101+00 smd sshd[1239]: pam_unix(sshd:session): session opened for user root by (uid=0)
