2026-01-27T11:48:50.287153+00 smd su[881]: Successful su for postgres by root
2026-01-27T11:48:50.287379+00 smd su[881]: + ??? root:postgres
2026-01-27T11:48:50.312868+00 smd su[881]: pam_unix(su:session): session opened for user postgres by (uid=0)
2026-01-27T11:48:50.329405+00 smd su[881]: pam_unix(su:session): session closed for user postgres
2026-01-27T11:48:53.414191+00 smd su[911]: Successful su for postgres by root
2026-01-27T11:48:53.414685+00 smd su[911]: + /dev/console root:postgres
2026-01-27T11:48:53.416009+00 smd su[911]: pam_unix(su:session): session opened for user postgres by (uid=0)
2026-01-27T11:48:53.943183+00 smd su[911]: pam_unix(su:session): session closed for user postgres
2026-01-27T11:48:53.958153+00 smd su[917]: Successful su for postgres by root
2026-01-27T11:48:53.958684+00 smd su[917]: + /dev/console root:postgres
2026-01-27T11:48:53.960018+00 smd su[917]: pam_unix(su:session): session opened for user postgres by (uid=0)
2026-01-27T11:48:54.156365+00 smd su[917]: pam_unix(su:session): session closed for user postgres
2026-01-27T11:48:54.191593+00 smd su[924]: Successful su for postgres by root
2026-01-27T11:48:54.192113+00 smd su[924]: + /dev/console root:postgres
2026-01-27T11:48:54.193368+00 smd su[924]: pam_unix(su:session): session opened for user postgres by (uid=0)
2026-01-27T11:48:54.263939+00 smd su[924]: pam_unix(su:session): session closed for user postgres
2026-01-27T11:48:54.278900+00 smd su[929]: Successful su for postgres by root
2026-01-27T11:48:54.279412+00 smd su[929]: + /dev/console root:postgres
2026-01-27T11:48:54.280669+00 smd su[929]: pam_unix(su:session): session opened for user postgres by (uid=0)
2026-01-27T11:48:54.333854+00 smd su[929]: pam_unix(su:session): session closed for user postgres
2026-01-27T11:48:54.348365+00 smd su[935]: Successful su for postgres by root
2026-01-27T11:48:54.348878+00 smd su[935]: + ??? root:postgres
2026-01-27T11:48:54.350172+00 smd su[935]: pam_unix(su:session): session opened for user postgres by (uid=0)
2026-01-27T11:48:54.412528+00 smd su[935]: pam_unix(su:session): session closed for user postgres
2026-01-27T11:48:54.425043+00 smd su[941]: Successful su for postgres by root
2026-01-27T11:48:54.425565+00 smd su[941]: + /dev/console root:postgres
2026-01-27T11:48:54.426888+00 smd su[941]: pam_unix(su:session): session opened for user postgres by (uid=0)
2026-01-27T11:48:54.478954+00 smd su[941]: pam_unix(su:session): session closed for user postgres
2026-01-27T11:48:54.493281+00 smd su[947]: Successful su for postgres by root
2026-01-27T11:48:54.493794+00 smd su[947]: + /dev/console root:postgres
2026-01-27T11:48:54.495195+00 smd su[947]: pam_unix(su:session): session opened for user postgres by (uid=0)
2026-01-27T11:48:54.549514+00 smd su[947]: pam_unix(su:session): session closed for user postgres
2026-01-27T11:48:54.594763+00 smd su[954]: Successful su for postgres by root
2026-01-27T11:48:54.595296+00 smd su[954]: + ??? root:postgres
2026-01-27T11:48:54.596555+00 smd su[954]: pam_unix(su:session): session opened for user postgres by (uid=0)
2026-01-27T11:48:54.664501+00 smd su[954]: pam_unix(su:session): session closed for user postgres
2026-01-27T11:48:54.679186+00 smd su[961]: Successful su for postgres by root
2026-01-27T11:48:54.679698+00 smd su[961]: + ??? root:postgres
2026-01-27T11:48:54.680965+00 smd su[961]: pam_unix(su:session): session opened for user postgres by (uid=0)
2026-01-27T11:48:54.756307+00 smd su[961]: pam_unix(su:session): session closed for user postgres
2026-01-27T11:48:57.369199+00 smd sshd[1151]: Server listening on 0.0.0.0 port 2222.
2026-01-27T11:48:58.886176+00 smd sshd[1184]: pam_tally3(sshd:auth): Tally3 disabled for maintainers mode('admin' entry 'ssh'[ssh 192.168.72.55])
2026-01-27T11:48:58.893606+00 smd sshd[1174]: Accepted keyboard-interactive/pam for admin from 192.168.72.55 port 55563 ssh2
2026-01-27T11:48:58.976503+00 smd sshd[1174]: pam_unix(sshd:session): session opened for user admin by (uid=0)
2026-01-27T11:48:58.976656+00 smd sshd[1214]: Registered signal handlers for user admin 192.168.72.55 port 55563
2026-01-27T11:48:59.046803+00 smd sshd[1214]: Transferred with user admin 192.168.72.55 port 55563: sent 3000, received 1608 bytes
2026-01-27T11:48:59.187263+00 smd sshd[1174]: pam_unix(sshd:session): session closed for user admin
2026-01-27T11:48:59.356169+00 smd sshd[1224]: pam_unix(sshd:auth): user 'root' has blank passwd
2026-01-27T11:48:59.357195+00 smd sshd[1224]: pam_tally3(sshd:auth): Tally3 disabled for maintainers mode('root' entry 'ssh'[ssh 192.168.72.55])
2026-01-27T11:48:59.369766+00 smd sshd[1219]: Accepted keyboard-interactive/pam for root from 192.168.72.55 port 55564 ssh2
2026-01-27T11:48:59.374216+00 smd sshd[1219]: pam_unix(sshd:session): session opened for user root by (uid=0)
2026-01-27T11:48:59.582499+00 smd sshd[1219]: syslogin_perform_logout: logout() returned an error
2026-01-27T11:48:59.586920+00 smd sshd[1219]: pam_unix(sshd:session): session closed for user root
2026-01-27T11:48:59.592549+00 smd sshd[1219]: Transferred with user root 192.168.72.55 port 55564: sent 8904, received 3816 bytes
2026-01-27T11:48:59.846771+00 smd sshd[1251]: pam_unix(sshd:auth): user 'root' has blank passwd
2026-01-27T11:48:59.847578+00 smd sshd[1251]: pam_tally3(sshd:auth): Tally3 disabled for maintainers mode('root' entry 'ssh'[ssh 192.168.72.55])
2026-01-27T11:48:59.851578+00 smd sshd[1239]: Accepted keyboard-interactive/pam for root from 192.168.72.55 port 55565 ssh2
2026-01-27T11:48:59.858113+00 smd sshd[1239]: pam_unix(sshd:session): session opened for user root by (uid=0)
